<?xml version="1.0" encoding="UTF-8"?>
<!-- Generated by org.testng.reporters.JUnitReportReporter -->
<testsuite hostname="DVCINH6097676" failures="0" tests="6" name="api.test.DDTests" time="12.177" errors="0" timestamp="2024-01-25T11:11:23 IST" skipped="0">
  <testcase classname="api.test.DDTests" name="testPostuser" time="1.567"/>
  <testcase classname="api.test.DDTests" name="testPostuser" time="1.882"/>
  <testcase classname="api.test.DDTests" name="testPostuser" time="3.330"/>
  <testcase classname="api.test.DDTests" name="testDeleteUserByName" time="2.896"/>
  <testcase classname="api.test.DDTests" name="testDeleteUserByName" time="1.180"/>
  <testcase classname="api.test.DDTests" name="testDeleteUserByName" time="1.322"/>
</testsuite> <!-- api.test.DDTests -->
