<?xml version="1.0" encoding="UTF-8"?>
<!-- Generated by org.testng.reporters.JUnitReportReporter -->
<testsuite hostname="DVCINH6097676" failures="0" tests="4" name="api.test.userTests" time="7.803" errors="0" timestamp="2024-01-25T15:15:37 IST" skipped="0">
  <testcase classname="api.test.userTests" name="testPostUser" time="2.751"/>
  <testcase classname="api.test.userTests" name="testGetUserByName" time="1.247"/>
  <testcase classname="api.test.userTests" name="testUpdateUserByName" time="2.488"/>
  <testcase classname="api.test.userTests" name="testDeleteUserByName" time="1.317"/>
</testsuite> <!-- api.test.userTests -->
