<?xml version="1.0" encoding="UTF-8"?>
<!-- Generated by org.testng.reporters.JUnitReportReporter -->
<testsuite hostname="DVCINH6097676" failures="0" tests="4" name="api.test.userTests2" time="15.361" errors="0" timestamp="2024-01-26T18:11:31 IST" skipped="0">
  <testcase classname="api.test.userTests2" name="testPostUser" time="10.437"/>
  <testcase classname="api.test.userTests2" name="testGetUserByName" time="1.340"/>
  <testcase classname="api.test.userTests2" name="testUpdateUserByName" time="2.433"/>
  <testcase classname="api.test.userTests2" name="testDeleteUserByName" time="1.151"/>
</testsuite> <!-- api.test.userTests2 -->
